<?xml version="1.0" ?>
<coverage version="7.11.0" timestamp="1764186615060" lines-valid="0" lines-covered="0" line-rate="1" branches-covered="0" branches-valid="0" branch-rate="0" complexity="0">
	<!-- Generated by coverage.py: https://coverage.readthedocs.io/en/7.11.0 -->
	<!-- Based on https://raw.githubusercontent.com/cobertura/web/master/htdocs/xml/coverage-04.dtd -->
	<sources>
		<source>/mnt/c/Users/mateo/EPFL/life2/life/app/src/main/java/ch/epfllife/model/event_scraper/tests</source>
	</sources>
	<packages>
		<package name="." line-rate="1" branch-rate="0" complexity="0">
			<classes>
				<class name="__init__.py" filename="__init__.py" complexity="0" line-rate="1" branch-rate="0">
					<methods/>
					<lines/>
				</class>
				<class name="conftest.py" filename="conftest.py" complexity="0" line-rate="1" branch-rate="0">
					<methods/>
					<lines/>
				</class>
			</classes>
		</package>
		<package name="test_firestore" line-rate="1" branch-rate="0" complexity="0">
			<classes>
				<class name="__init__.py" filename="test_firestore/__init__.py" complexity="0" line-rate="1" branch-rate="0">
					<methods/>
					<lines/>
				</class>
			</classes>
		</package>
		<package name="test_models" line-rate="1" branch-rate="0" complexity="0">
			<classes>
				<class name="__init__.py" filename="test_models/__init__.py" complexity="0" line-rate="1" branch-rate="0">
					<methods/>
					<lines/>
				</class>
				<class name="test_event_model.py" filename="test_models/test_event_model.py" complexity="0" line-rate="1" branch-rate="0">
					<methods/>
					<lines/>
				</class>
			</classes>
		</package>
		<package name="test_scrapers" line-rate="1" branch-rate="0" complexity="0">
			<classes>
				<class name="__init__.py" filename="test_scrapers/__init__.py" complexity="0" line-rate="1" branch-rate="0">
					<methods/>
					<lines/>
				</class>
				<class name="test_base_scraper.py" filename="test_scrapers/test_base_scraper.py" complexity="0" line-rate="1" branch-rate="0">
					<methods/>
					<lines/>
				</class>
			</classes>
		</package>
	</packages>
</coverage>
